<?xml version="1.0" encoding="UTF-8"?>
<testng-results skipped="0" failed="0" total="1" passed="1">
  <reporter-output>
  </reporter-output>
  <suite name="Test Grid" duration-ms="14712" started-at="2020-11-07T09:09:39Z" finished-at="2020-11-07T09:09:54Z">
    <groups>
    </groups>
    <test name="Test Node1" duration-ms="14712" started-at="2020-11-07T09:09:39Z" finished-at="2020-11-07T09:09:54Z">
      <class name="Academy.Node1">
        <test-method status="PASS" signature="f()[pri:0, instance:Academy.Node1@106ebcb]" name="f" duration-ms="14697" started-at="2020-11-07T14:39:39Z" finished-at="2020-11-07T14:39:54Z">
          <reporter-output>
          </reporter-output>
        </test-method> <!-- f -->
      </class> <!-- Academy.Node1 -->
    </test> <!-- Test Node1 -->
  </suite> <!-- Test Grid -->
</testng-results>
