<?xml version="1.0" encoding="UTF-8"?>
<testsuite xmlns:xsi="http://www.w3.org/2001/XMLSchema-instance" xsi:noNamespaceSchemaLocation="https://maven.apache.org/surefire/maven-surefire-plugin/xsd/surefire-test-report.xsd" name="TestSuite" time="5.503" tests="1" errors="0" skipped="0" failures="1">
  <properties>
[...]
</properties>
  <testcase name="f" classname="Academy.Node1" time="1.293">
    <failure message="Error forwarding the new session cannot find : Capabilities {browserName: chrome, platform: WINDOWS, version: }&#10;Command duration or timeout: 612 milliseconds" type="org.openqa.selenium.WebDriverException">org.openqa.selenium.WebDriverException: 
Error forwarding the new session cannot find : Capabilities {browserName: chrome, platform: WINDOWS, version: }
Command duration or timeout: 612 milliseconds
	at Academy.Node1.f(Node1.java:26)
Caused by: org.openqa.selenium.WebDriverException: 
Error forwarding the new session cannot find : Capabilities {browserName: chrome, platform: WINDOWS, version: }
Build info: version: '3.4.0', revision: 'unknown', time: 'unknown'
System info: host: 'DESKTOP-VE62NKE', ip: '192.168.137.1', os.name: 'Windows 10', os.arch: 'x86', os.version: '10.0', java.version: '1.8.0_261'
Driver info: driver.version: unknown
</failure>
    <system-out><![CDATA[[TestRunner] Running the tests in 'Test Node1' with parallel mode:none
[RunInfo] Adding method selector: org.testng.internal.XmlMethodSelector@1e9807f priority: 10
[TestClass] Creating TestClass for [ClassImpl class=Academy.Node1]
[TestClass] Adding method Node1.f()[pri:0, instance:null] on TestClass class Academy.Node1
[XmlMethodSelector] Including method Academy.f()
[SuiteRunner] Created 1 TestRunners
[TestRunner] Running test Test Node1 on 1  classes,  included groups:[] excluded groups:[]
===== Test class
Academy.Node1
    @Test Node1.f()[pri:0, instance:Academy.Node1@106ebcb]
======
[Invoker 9786725] Invoking Academy.Node1.f
]]></system-out>
  </testcase>
</testsuite>